<?xml version="1.0" encoding="UTF-8"?>
<robot generator="Robot 3.2.2 (Python 3.12.2 on win32)" generated="20240321 13:53:37.758" rpa="false">
<suite id="s1" name="RobotFramework" source="C:\Users\vipsr\eclipse-workspace\RobotFramework">
<suite id="s1-s1" name="Demo" source="C:\Users\vipsr\eclipse-workspace\RobotFramework\Demo">
<suite id="s1-s1-s1" name="RobotProject" source="C:\Users\vipsr\eclipse-workspace\RobotFramework\Demo\RobotProject.robot">
<test id="s1-s1-s1-t1" name=" LoginTest with valid Credentials">
<kw name="Open Browser" library="SeleniumLibrary" type="setup">
<doc>Opens a new browser instance to the optional ``url``.</doc>
<arguments>
<arg>${appURL}</arg>
<arg>${browser}</arg>
</arguments>
<msg timestamp="20240321 13:53:38.565" level="INFO">Opening browser 'Chrome' to base url 'https://opensource-demo.orangehrmlive.com/web/index.php/auth/login'.</msg>
<status status="PASS" starttime="20240321 13:53:38.563" endtime="20240321 13:53:44.480"></status>
</kw>
<kw name="Maximize Browser Window" library="SeleniumLibrary">
<doc>Maximizes current browser window.</doc>
<status status="PASS" starttime="20240321 13:53:44.482" endtime="20240321 13:53:46.138"></status>
</kw>
<kw name="Set Browser Implicit Wait" library="SeleniumLibrary">
<doc>Sets the implicit wait value used by Selenium.</doc>
<arguments>
<arg>5</arg>
</arguments>
<status status="PASS" starttime="20240321 13:53:46.139" endtime="20240321 13:53:46.148"></status>
</kw>
<kw name="Input Text" library="SeleniumLibrary">
<doc>Types the given ``text`` into the text field identified by ``locator``.</doc>
<arguments>
<arg>username</arg>
<arg>Admin</arg>
</arguments>
<msg timestamp="20240321 13:53:46.149" level="INFO">Typing text 'Admin' into text field 'username'.</msg>
<status status="PASS" starttime="20240321 13:53:46.148" endtime="20240321 13:53:47.102"></status>
</kw>
<kw name="Input Password" library="SeleniumLibrary">
<doc>Types the given password into the text field identified by ``locator``.</doc>
<arguments>
<arg>password</arg>
<arg>admin123</arg>
</arguments>
<msg timestamp="20240321 13:53:47.104" level="INFO">Typing password into text field 'password'.</msg>
<msg timestamp="20240321 13:53:47.499" level="INFO">Temporally setting log level to: NONE</msg>
<msg timestamp="20240321 13:53:47.944" level="INFO">Log level changed from NONE to INFO.</msg>
<status status="PASS" starttime="20240321 13:53:47.103" endtime="20240321 13:53:47.944"></status>
</kw>
<kw name="Sleep" library="BuiltIn">
<doc>Pauses the test executed for the given time.</doc>
<arguments>
<arg>3</arg>
</arguments>
<msg timestamp="20240321 13:53:50.946" level="INFO">Slept 3 seconds</msg>
<status status="PASS" starttime="20240321 13:53:47.945" endtime="20240321 13:53:50.947"></status>
</kw>
<kw name="Click Button" library="SeleniumLibrary">
<doc>Clicks the button identified by ``locator``.</doc>
<arguments>
<arg>//*[@id="app"]/div[1]/div/div[1]/div/div[2]/div[2]/form/div[3]/button</arg>
</arguments>
<msg timestamp="20240321 13:53:50.949" level="INFO">Clicking button '//*[@id="app"]/div[1]/div/div[1]/div/div[2]/div[2]/form/div[3]/button'.</msg>
<status status="PASS" starttime="20240321 13:53:50.947" endtime="20240321 13:53:52.237"></status>
</kw>
<kw name="Sleep" library="BuiltIn">
<doc>Pauses the test executed for the given time.</doc>
<arguments>
<arg>3</arg>
</arguments>
<msg timestamp="20240321 13:53:55.238" level="INFO">Slept 3 seconds</msg>
<status status="PASS" starttime="20240321 13:53:52.238" endtime="20240321 13:53:55.239"></status>
</kw>
<kw name="Get Location" library="SeleniumLibrary">
<doc>Returns the current browser window URL.</doc>
<assign>
<var>${url}</var>
</assign>
<msg timestamp="20240321 13:53:55.258" level="INFO">${url} = https://opensource-demo.orangehrmlive.com/web/index.php/dashboard/index</msg>
<status status="PASS" starttime="20240321 13:53:55.239" endtime="20240321 13:53:55.258"></status>
</kw>
<kw name="Log To Console" library="BuiltIn">
<doc>Logs the given message to the console.</doc>
<arguments>
<arg>${url}</arg>
</arguments>
<status status="PASS" starttime="20240321 13:53:55.259" endtime="20240321 13:53:55.259"></status>
</kw>
<kw name="Should Contain" library="BuiltIn">
<doc>Fails if ``container`` does not contain ``item`` one or more times.</doc>
<arguments>
<arg>${url}</arg>
<arg>dashboard</arg>
</arguments>
<status status="PASS" starttime="20240321 13:53:55.260" endtime="20240321 13:53:55.260"></status>
</kw>
<kw name="Close Browser" library="SeleniumLibrary" type="teardown">
<doc>Closes the current browser.</doc>
<status status="PASS" starttime="20240321 13:53:55.262" endtime="20240321 13:53:58.928"></status>
</kw>
<tags>
<tag>Smoke</tag>
</tags>
<status status="PASS" starttime="20240321 13:53:38.560" endtime="20240321 13:53:58.929" critical="yes"></status>
</test>
<test id="s1-s1-s1-t2" name="LoginTest with Invalid Credentials">
<kw name="Open Browser" library="SeleniumLibrary" type="setup">
<doc>Opens a new browser instance to the optional ``url``.</doc>
<arguments>
<arg>${appURL}</arg>
<arg>${browser}</arg>
</arguments>
<msg timestamp="20240321 13:53:58.934" level="INFO">Opening browser 'Chrome' to base url 'https://opensource-demo.orangehrmlive.com/web/index.php/auth/login'.</msg>
<status status="PASS" starttime="20240321 13:53:58.932" endtime="20240321 13:54:06.917"></status>
</kw>
<kw name="Maximize Browser Window" library="SeleniumLibrary">
<doc>Maximizes current browser window.</doc>
<status status="PASS" starttime="20240321 13:54:06.918" endtime="20240321 13:54:07.108"></status>
</kw>
<kw name="Set Browser Implicit Wait" library="SeleniumLibrary">
<doc>Sets the implicit wait value used by Selenium.</doc>
<arguments>
<arg>6</arg>
</arguments>
<status status="PASS" starttime="20240321 13:54:07.109" endtime="20240321 13:54:07.118"></status>
</kw>
<kw name="Input Text" library="SeleniumLibrary">
<doc>Types the given ``text`` into the text field identified by ``locator``.</doc>
<arguments>
<arg>username</arg>
<arg>Admin</arg>
</arguments>
<msg timestamp="20240321 13:54:07.121" level="INFO">Typing text 'Admin' into text field 'username'.</msg>
<status status="PASS" starttime="20240321 13:54:07.119" endtime="20240321 13:54:07.879"></status>
</kw>
<kw name="Input Password" library="SeleniumLibrary">
<doc>Types the given password into the text field identified by ``locator``.</doc>
<arguments>
<arg>password</arg>
<arg>admin121</arg>
</arguments>
<msg timestamp="20240321 13:54:07.880" level="INFO">Typing password into text field 'password'.</msg>
<msg timestamp="20240321 13:54:08.018" level="INFO">Temporally setting log level to: NONE</msg>
<msg timestamp="20240321 13:54:08.229" level="INFO">Log level changed from NONE to INFO.</msg>
<status status="PASS" starttime="20240321 13:54:07.879" endtime="20240321 13:54:08.230"></status>
</kw>
<kw name="Sleep" library="BuiltIn">
<doc>Pauses the test executed for the given time.</doc>
<arguments>
<arg>4</arg>
</arguments>
<msg timestamp="20240321 13:54:12.231" level="INFO">Slept 4 seconds</msg>
<status status="PASS" starttime="20240321 13:54:08.230" endtime="20240321 13:54:12.232"></status>
</kw>
<kw name="Click Button" library="SeleniumLibrary">
<doc>Clicks the button identified by ``locator``.</doc>
<arguments>
<arg>//*[@id="app"]/div[1]/div/div[1]/div/div[2]/div[2]/form/div[3]/button</arg>
</arguments>
<msg timestamp="20240321 13:54:12.236" level="INFO">Clicking button '//*[@id="app"]/div[1]/div/div[1]/div/div[2]/div[2]/form/div[3]/button'.</msg>
<status status="PASS" starttime="20240321 13:54:12.233" endtime="20240321 13:54:13.386"></status>
</kw>
<kw name="Sleep" library="BuiltIn">
<doc>Pauses the test executed for the given time.</doc>
<arguments>
<arg>4</arg>
</arguments>
<msg timestamp="20240321 13:54:17.389" level="INFO">Slept 4 seconds</msg>
<status status="PASS" starttime="20240321 13:54:13.387" endtime="20240321 13:54:17.390"></status>
</kw>
<kw name="Get Location" library="SeleniumLibrary">
<doc>Returns the current browser window URL.</doc>
<assign>
<var>${url}</var>
</assign>
<msg timestamp="20240321 13:54:17.534" level="INFO">${url} = https://opensource-demo.orangehrmlive.com/web/index.php/auth/login</msg>
<status status="PASS" starttime="20240321 13:54:17.391" endtime="20240321 13:54:17.535"></status>
</kw>
<kw name="Log To Console" library="BuiltIn">
<doc>Logs the given message to the console.</doc>
<arguments>
<arg>${url}</arg>
</arguments>
<status status="PASS" starttime="20240321 13:54:17.536" endtime="20240321 13:54:17.537"></status>
</kw>
<kw name="Should Contain" library="BuiltIn">
<doc>Fails if ``container`` does not contain ``item`` one or more times.</doc>
<arguments>
<arg>${url}</arg>
<arg>dashboard</arg>
</arguments>
<msg timestamp="20240321 13:54:17.539" level="FAIL">'https://opensource-demo.orangehrmlive.com/web/index.php/auth/login' does not contain 'dashboard'</msg>
<status status="FAIL" starttime="20240321 13:54:17.537" endtime="20240321 13:54:17.540"></status>
</kw>
<kw name="Close Browser" library="SeleniumLibrary" type="teardown">
<doc>Closes the current browser.</doc>
<status status="PASS" starttime="20240321 13:54:17.541" endtime="20240321 13:54:21.484"></status>
</kw>
<tags>
<tag>Regression</tag>
</tags>
<status status="FAIL" starttime="20240321 13:53:58.930" endtime="20240321 13:54:21.485" critical="yes">'https://opensource-demo.orangehrmlive.com/web/index.php/auth/login' does not contain 'dashboard'</status>
</test>
<status status="FAIL" starttime="20240321 13:53:37.947" endtime="20240321 13:54:21.487"></status>
</suite>
<status status="FAIL" starttime="20240321 13:53:37.941" endtime="20240321 13:54:21.494"></status>
</suite>
<status status="FAIL" starttime="20240321 13:53:37.895" endtime="20240321 13:54:21.498"></status>
</suite>
<statistics>
<total>
<stat pass="1" fail="1">Critical Tests</stat>
<stat pass="1" fail="1">All Tests</stat>
</total>
<tag>
<stat pass="0" fail="1">Regression</stat>
<stat pass="1" fail="0">Smoke</stat>
</tag>
<suite>
<stat pass="1" fail="1" id="s1" name="RobotFramework">RobotFramework</stat>
<stat pass="1" fail="1" id="s1-s1" name="Demo">RobotFramework.Demo</stat>
<stat pass="1" fail="1" id="s1-s1-s1" name="RobotProject">RobotFramework.Demo.RobotProject</stat>
</suite>
</statistics>
<errors>
</errors>
</robot>
